Solving instance 9550 using sa... 
Result:     3368, Time:       0.0698220000000000.
Solving instance 9551 using sa... 
Result:     3888, Time:       0.0797080000000000.
Solving instance 9552 using sa... 
Result:     4250, Time:       0.0713920000000000.
Solving instance 9553 using sa... 
Result:     4352, Time:       0.0712650000000000.
Solving instance 9554 using sa... 
Result:     4166, Time:       0.0701229999999999.
Solving instance 9555 using sa... 
Result:     2880, Time:       0.0725640000000000.
Solving instance 9556 using sa... 
Result:     3096, Time:       0.0644600000000001.
Solving instance 9557 using sa... 
Result:     4182, Time:       0.0703290000000000.
Solving instance 9558 using sa... 
Result:     3848, Time:       0.0697460000000000.
Solving instance 9559 using sa... 
Result:     3242, Time:       0.0682179999999999.
Solving instance 9560 using sa... 
Result:     4082, Time:       0.0709150000000001.
Solving instance 9561 using sa... 
Result:     3403, Time:       0.0686370000000001.
Solving instance 9562 using sa... 
Result:     3667, Time:       0.0724300000000000.
Solving instance 9563 using sa... 
Result:     3329, Time:       0.0735450000000002.
Solving instance 9564 using sa... 
Result:     3150, Time:       0.0689230000000001.
Solving instance 9565 using sa... 
Result:     3740, Time:       0.0695189999999999.
Solving instance 9566 using sa... 
Result:     4120, Time:       0.0678470000000002.
Solving instance 9567 using sa... 
Result:      585, Time:       0.0772670000000000.
Solving instance 9568 using sa... 
Result:     3509, Time:       0.0686800000000001.
Solving instance 9569 using sa... 
Result:     4048, Time:       0.0673290000000000.
Solving instance 9570 using sa... 
Result:     3727, Time:       0.0706600000000002.
Solving instance 9571 using sa... 
Result:     3724, Time:       0.0712959999999998.
Solving instance 9572 using sa... 
Result:     3176, Time:       0.0675030000000003.
Solving instance 9573 using sa... 
Result:     4148, Time:       0.0733540000000001.
Solving instance 9574 using sa... 
Result:     4380, Time:       0.0714850000000000.
Solving instance 9575 using sa... 
Result:     4424, Time:       0.0672750000000000.
Solving instance 9576 using sa... 
Result:     3841, Time:       0.0709339999999998.
Solving instance 9577 using sa... 
Result:     4335, Time:       0.0709850000000003.
Solving instance 9578 using sa... 
Result:     4389, Time:       0.0672079999999999.
Solving instance 9579 using sa... 
Result:     3589, Time:       0.0698799999999999.
Solving instance 9580 using sa... 
Result:     4286, Time:       0.0687990000000003.
Solving instance 9581 using sa... 
Result:     3458, Time:       0.0687310000000001.
Solving instance 9582 using sa... 
Result:     4661, Time:       0.0695969999999999.
Solving instance 9583 using sa... 
Result:     3762, Time:       0.0678920000000001.
Solving instance 9584 using sa... 
Result:     4455, Time:       0.0656919999999994.
Solving instance 9585 using sa... 
Result:     4161, Time:       0.0664579999999999.
Solving instance 9586 using sa... 
Result:     4216, Time:       0.0690350000000004.
Solving instance 9587 using sa... 
Result:     4861, Time:       0.0693089999999996.
Solving instance 9588 using sa... 
Result:     4319, Time:       0.0695090000000000.
Solving instance 9589 using sa... 
Result:     2990, Time:       0.0670859999999998.
Solving instance 9590 using sa... 
Result:     4668, Time:       0.0681050000000001.
Solving instance 9591 using sa... 
Result:     3884, Time:       0.0669279999999999.
Solving instance 9592 using sa... 
Result:     3890, Time:       0.0680959999999997.
Solving instance 9593 using sa... 
Result:     4453, Time:       0.0735859999999997.
Solving instance 9594 using sa... 
Result:     3849, Time:       0.0713770000000000.
Solving instance 9595 using sa... 
Result:     3406, Time:       0.0726279999999999.
Solving instance 9596 using sa... 
Result:     3852, Time:       0.0741959999999997.
Solving instance 9597 using sa... 
Result:     3831, Time:       0.0729089999999992.
Solving instance 9598 using sa... 
Result:     4076, Time:       0.0767689999999996.
Solving instance 9599 using sa... 
Result:     3048, Time:       0.0676700000000006.
Total runtime:       3.5076709999999989, average runtime:       0.0701534200000000.
Maximum relative error: 0.35197226, average relative error: 0.15800327.
